<?xml version="1.0" encoding="UTF-8" ?>
<testsuite errors="4" failures="0" hostname="mini" name="serial.SerialTest" skipped="0" tests="2" time="0.619" timestamp="2016-06-01T05:34:22">
  <properties>
[...]
</properties>
  <testcase classname="serial.SerialTest" name="testCRC" time="0.157">
    <error message="-1" type="java.lang.ArrayIndexOutOfBoundsException">java.lang.ArrayIndexOutOfBoundsException: -1
	at java.util.ArrayList.elementData(ArrayList.java:418)
	at java.util.ArrayList.get(ArrayList.java:431)
	at serial.SerialTest.setUp(SerialTest.java:34)
</error>
    <error type="java.lang.NullPointerException">java.lang.NullPointerException
	at serial.SerialTest.tearDown(SerialTest.java:40)
</error>
  </testcase>
  <testcase classname="serial.SerialTest" name="testCRCCheck" time="0.006">
    <error message="-1" type="java.lang.ArrayIndexOutOfBoundsException">java.lang.ArrayIndexOutOfBoundsException: -1
	at java.util.ArrayList.elementData(ArrayList.java:418)
	at java.util.ArrayList.get(ArrayList.java:431)
	at serial.SerialTest.setUp(SerialTest.java:34)
</error>
    <error type="java.lang.NullPointerException">java.lang.NullPointerException
	at serial.SerialTest.tearDown(SerialTest.java:40)
</error>
  </testcase>
  <system-out><![CDATA[]]></system-out>
  <system-err><![CDATA[]]></system-err>
</testsuite>
